[INFO] Scanning for projects...
[INFO] 
[INFO] ---------------------< br.org.cecairbar:durvalcrm >---------------------
[INFO] Building durvalcrm 1.0.0-SNAPSHOT
[INFO]   from pom.xml
[INFO] --------------------------------[ jar ]---------------------------------
[INFO] 
[INFO] --- quarkus:3.24.3:dev (default-cli) @ durvalcrm ---
[INFO] Invoking resources:3.3.1:resources (default-resources) @ durvalcrm
[INFO] Copying 5 resources from src/main/resources to target/classes
[INFO] Invoking quarkus:3.24.3:generate-code (default) @ durvalcrm
[INFO] Invoking compiler:3.14.0:compile (default-compile) @ durvalcrm
[INFO] Nothing to compile - all classes are up to date.
[INFO] Invoking resources:3.3.1:testResources (default-testResources) @ durvalcrm
[INFO] Copying 1 resource from src/test/resources to target/test-classes
[INFO] Invoking quarkus:3.24.3:generate-code-tests (default) @ durvalcrm
[INFO] Invoking compiler:3.14.0:testCompile (default-testCompile) @ durvalcrm
[INFO] Nothing to compile - all classes are up to date.
Listening for transport dt_socket at address: 5005
Press [e] to edit command line args (currently ''), [h] for more options>
Tests paused
Press [e] to edit command line args (currently ''), [r] to resume testing, [h] for more options>
Press [e] to edit command line args (currently ''), [r] to resume testing, [o] Toggle test output, [h] for more options>
2025-07-21 11:00:45,360 INFO  [io.qua.sma.jwt.dep.SmallryeJwtDevModeProcessor] (build-33) The smallrye-jwt extension has configured an in-memory key pair, which is not enabled in production. Please ensure the correct keys/locations are set in production to avoid potential issues.
[Hibernate] 
    set client_min_messages = WARNING
[Hibernate] 
    alter table if exists doacoes 
       drop constraint if exists FK1euyy4exsei3jejbo90vgb3ek
[Hibernate] 
    drop table if exists associados cascade
[Hibernate] 
    drop table if exists doacoes cascade
[Hibernate] 
    drop table if exists mensalidades cascade
[Hibernate] 
    drop table if exists vendas cascade
[Hibernate] 
    create table associados (
        ativo boolean not null,
        criado_em timestamp(6) with time zone,
        cpf varchar(14) not null unique,
        id uuid not null,
        telefone varchar(20),
        email varchar(255) not null unique,
        nome_completo varchar(255) not null,
        primary key (id)
    )
[Hibernate] 
    create table doacoes (
        valor numeric(38,2) not null,
        created_at timestamp(6) not null,
        data_confirmacao timestamp(6),
        data_doacao timestamp(6) not null,
        updated_at timestamp(6),
        associado_id uuid not null,
        id uuid not null,
        descricao varchar(500),
        codigo_transacao varchar(255),
        metodo_pagamento varchar(255),
        status varchar(255) not null check (status in ('PENDENTE','PROCESSANDO','CONFIRMADA','CANCELADA')),
        tipo varchar(255) not null check (tipo in ('UNICA','RECORRENTE')),
        primary key (id)
    )
[Hibernate] 
    create table mensalidades (
        ano_referencia integer not null,
        data_vencimento date not null,
        mes_referencia integer not null,
        valor numeric(10,2) not null,
        criado_em timestamp(6) with time zone not null,
        data_pagamento timestamp(6) with time zone,
        associado_id uuid not null,
        id uuid not null,
        qr_code_pix varchar(1000),
        identificador_pix varchar(255) not null unique,
        status varchar(255) not null check (status in ('PENDENTE','PAGA','ATRASADA')),
        primary key (id),
        unique (associado_id, mes_referencia, ano_referencia)
    )
[Hibernate] 
    create table vendas (
        valor numeric(10,2) not null,
        atualizado_em timestamp(6) with time zone,
        criado_em timestamp(6) with time zone not null,
        data_venda timestamp(6) with time zone not null,
        id uuid not null,
        descricao varchar(255) not null,
        origem varchar(255) not null check (origem in ('CANTINA','BAZAR','LIVROS')),
        primary key (id)
    )
[Hibernate] 
    alter table if exists doacoes 
       add constraint FK1euyy4exsei3jejbo90vgb3ek 
       foreign key (associado_id) 
       references associados
__  ____  __  _____   ___  __ ____  ______ 
 --/ __ \/ / / / _ | / _ \/ //_/ / / / __/ 
 -/ /_/ / /_/ / __ |/ , _/ ,< / /_/ /\ \   
--\___\_\____/_/ |_/_/|_/_/|_|\____/___/   
2025-07-21 11:00:47,960 INFO  [io.qua.oid.run.dev.ui.OidcDevUiRecorder] (Quarkus Main Thread) OIDC Dev Console: discovering the provider metadata at http://localhost:8080/realms/durval-crm/.well-known/openid-configuration
2025-07-21 11:00:48,016 INFO  [io.quarkus] (Quarkus Main Thread) DurvalCRM API 1.0.0-SNAPSHOT on JVM (powered by Quarkus 3.24.3) started in 3.350s. Listening on: http://localhost:8082
2025-07-21 11:00:48,017 INFO  [io.quarkus] (Quarkus Main Thread) Profile dev activated. Live Coding activated.
2025-07-21 11:00:48,017 INFO  [io.quarkus] (Quarkus Main Thread) Installed features: [agroal, cdi, compose, hibernate-orm, hibernate-orm-panache, hibernate-validator, jdbc-postgresql, narayana-jta, oidc, resteasy, resteasy-jackson, scheduler, security, smallrye-context-propagation, smallrye-jwt, smallrye-openapi, swagger-ui, vertx]
Debugger failed to attach: handshake failed - connection prematurally closed
Debugger failed to attach: handshake failed - connection prematurally closed
[INFO] ------------------------------------------------------------------------
[INFO] BUILD FAILURE
[INFO] ------------------------------------------------------------------------
[INFO] Total time:  11:29 min
[INFO] Finished at: 2025-07-21T11:12:09-03:00
[INFO] ------------------------------------------------------------------------
[ERROR] Failed to execute goal io.quarkus.platform:quarkus-maven-plugin:3.24.3:dev (default-cli) on project durvalcrm: Failed to run: Dev mode process did not complete successfully -> [Help 1]
[ERROR] 
[ERROR] To see the full stack trace of the errors, re-run Maven with the -e switch.
[ERROR] Re-run Maven using the -X switch to enable full debug logging.
[ERROR] 
[ERROR] For more information about the errors and possible solutions, please read the following articles:
[ERROR] [Help 1] http://cwiki.apache.org/confluence/display/MAVEN/MojoFailureException
